-------------------------------------------------------------------------------
Test set: com.finance.system.test.serviceImpl.CategoriaServiceImplTest
-------------------------------------------------------------------------------
Tests run: 1, Failures: 0, Errors: 1, Skipped: 0, Time elapsed: 0.01 s <<< FAILURE! - in com.finance.system.test.serviceImpl.CategoriaServiceImplTest
buscarCategoria  Time elapsed: 0.01 s  <<< ERROR!
java.lang.NullPointerException
	at com.finance.system.test.serviceImpl.CategoriaServiceImplTest.buscarCategoria(CategoriaServiceImplTest.java:21)

